2022-05-11T19:21:50.211975Z 0 [Warning] TIMESTAMP with implicit DEFAULT value is deprecated. Please use --explicit_defaults_for_timestamp server option (see documentation for more details).
2022-05-11T19:21:50.218649Z 0 [Warning] Setting lower_case_table_names=2 because file system for /var/lib/mysql/ is case insensitive
2022-05-11T19:21:50.875114Z 0 [Warning] InnoDB: New log files created, LSN=45790
2022-05-11T19:21:51.120047Z 0 [Warning] InnoDB: Creating foreign key constraint system tables.
2022-05-11T19:21:51.131456Z 0 [Warning] No existing UUID has been found, so we assume that this is the first time that this server has been started. Generating a new UUID: 9c04fffd-d15f-11ec-a1f0-0242ac120002.
2022-05-11T19:21:51.135342Z 0 [Warning] Gtid table is not ready to be used. Table 'mysql.gtid_executed' cannot be opened.
2022-05-11T19:21:51.541866Z 0 [Warning] A deprecated TLS version TLSv1 is enabled. Please use TLSv1.2 or higher.
2022-05-11T19:21:51.542419Z 0 [Warning] A deprecated TLS version TLSv1.1 is enabled. Please use TLSv1.2 or higher.
2022-05-11T19:21:51.547289Z 0 [Warning] CA certificate ca.pem is self signed.
2022-05-11T19:21:51.650804Z 1 [Warning] root@localhost is created with an empty password ! Please consider switching off the --initialize-insecure option.
2022-05-11T19:21:57.317836Z 0 [Warning] TIMESTAMP with implicit DEFAULT value is deprecated. Please use --explicit_defaults_for_timestamp server option (see documentation for more details).
2022-05-11T19:21:57.324107Z 0 [Note] mysqld (mysqld 5.7.37) starting as process 79 ...
2022-05-11T19:21:57.329641Z 0 [Warning] Setting lower_case_table_names=2 because file system for /var/lib/mysql/ is case insensitive
2022-05-11T19:21:57.333294Z 0 [Note] InnoDB: PUNCH HOLE support available
2022-05-11T19:21:57.333690Z 0 [Note] InnoDB: Mutexes and rw_locks use GCC atomic builtins
2022-05-11T19:21:57.334269Z 0 [Note] InnoDB: Uses event mutexes
2022-05-11T19:21:57.334752Z 0 [Note] InnoDB: GCC builtin __atomic_thread_fence() is used for memory barrier
2022-05-11T19:21:57.335142Z 0 [Note] InnoDB: Compressed tables use zlib 1.2.11
2022-05-11T19:21:57.335553Z 0 [Note] InnoDB: Using Linux native AIO
2022-05-11T19:21:57.336377Z 0 [Note] InnoDB: Number of pools: 1
2022-05-11T19:21:57.337511Z 0 [Note] InnoDB: Using CPU crc32 instructions
2022-05-11T19:21:57.339242Z 0 [Note] InnoDB: Initializing buffer pool, total size = 128M, instances = 1, chunk size = 128M
2022-05-11T19:21:57.350033Z 0 [Note] InnoDB: Completed initialization of buffer pool
2022-05-11T19:21:57.352948Z 0 [Note] InnoDB: If the mysqld execution user is authorized, page cleaner thread priority can be changed. See the man page of setpriority().
2022-05-11T19:21:57.390463Z 0 [Note] InnoDB: Highest supported file format is Barracuda.
2022-05-11T19:21:57.456726Z 0 [Note] InnoDB: Creating shared tablespace for temporary tables
2022-05-11T19:21:57.458942Z 0 [Note] InnoDB: Setting file './ibtmp1' size to 12 MB. Physically writing the file full; Please wait ...
2022-05-11T19:21:57.506560Z 0 [Note] InnoDB: File './ibtmp1' size is now 12 MB.
2022-05-11T19:21:57.510532Z 0 [Note] InnoDB: 96 redo rollback segment(s) found. 96 redo rollback segment(s) are active.
2022-05-11T19:21:57.511005Z 0 [Note] InnoDB: 32 non-redo rollback segment(s) are active.
2022-05-11T19:21:57.511860Z 0 [Note] InnoDB: Waiting for purge to start
2022-05-11T19:21:57.562951Z 0 [Note] InnoDB: 5.7.37 started; log sequence number 2750440
2022-05-11T19:21:57.564109Z 0 [Note] InnoDB: Loading buffer pool(s) from /var/lib/mysql/ib_buffer_pool
2022-05-11T19:21:57.564510Z 0 [Note] Plugin 'FEDERATED' is disabled.
2022-05-11T19:21:57.600212Z 0 [Note] Found ca.pem, server-cert.pem and server-key.pem in data directory. Trying to enable SSL support using them.
2022-05-11T19:21:57.600656Z 0 [Note] Skipping generation of SSL certificates as certificate files are present in data directory.
2022-05-11T19:21:57.601088Z 0 [Warning] A deprecated TLS version TLSv1 is enabled. Please use TLSv1.2 or higher.
2022-05-11T19:21:57.601414Z 0 [Warning] A deprecated TLS version TLSv1.1 is enabled. Please use TLSv1.2 or higher.
2022-05-11T19:21:57.601381Z 0 [Note] InnoDB: Buffer pool(s) load completed at 220512  4:21:57
2022-05-11T19:21:57.606015Z 0 [Warning] CA certificate ca.pem is self signed.
2022-05-11T19:21:57.606438Z 0 [Note] Skipping generation of RSA key pair as key files are present in data directory.
2022-05-11T19:21:57.611236Z 0 [Warning] Insecure configuration for --pid-file: Location '/var/run/mysqld' in the path is accessible to all OS users. Consider choosing a different directory.
2022-05-11T19:21:57.801598Z 0 [Note] Event Scheduler: Loaded 0 events
2022-05-11T19:21:57.802197Z 0 [Note] mysqld: ready for connections.
Version: '5.7.37'  socket: '/var/run/mysqld/mysqld.sock'  port: 0  MySQL Community Server (GPL)
2022-05-11T19:22:00.674140Z 0 [Note] Giving 0 client threads a chance to die gracefully
2022-05-11T19:22:00.674624Z 0 [Note] Shutting down slave threads
2022-05-11T19:22:00.675048Z 0 [Note] Forcefully disconnecting 0 remaining clients
2022-05-11T19:22:00.675676Z 0 [Note] Event Scheduler: Purging the queue. 0 events
2022-05-11T19:22:00.676134Z 0 [Note] Binlog end
2022-05-11T19:22:00.682036Z 0 [Note] Shutting down plugin 'ngram'
2022-05-11T19:22:00.682468Z 0 [Note] Shutting down plugin 'partition'
2022-05-11T19:22:00.683055Z 0 [Note] Shutting down plugin 'BLACKHOLE'
2022-05-11T19:22:00.683473Z 0 [Note] Shutting down plugin 'ARCHIVE'
2022-05-11T19:22:00.683985Z 0 [Note] Shutting down plugin 'PERFORMANCE_SCHEMA'
2022-05-11T19:22:00.684411Z 0 [Note] Shutting down plugin 'MRG_MYISAM'
2022-05-11T19:22:00.684814Z 0 [Note] Shutting down plugin 'MyISAM'
2022-05-11T19:22:00.685239Z 0 [Note] Shutting down plugin 'INNODB_SYS_VIRTUAL'
2022-05-11T19:22:00.685518Z 0 [Note] Shutting down plugin 'INNODB_SYS_DATAFILES'
2022-05-11T19:22:00.685981Z 0 [Note] Shutting down plugin 'INNODB_SYS_TABLESPACES'
2022-05-11T19:22:00.686434Z 0 [Note] Shutting down plugin 'INNODB_SYS_FOREIGN_COLS'
2022-05-11T19:22:00.686825Z 0 [Note] Shutting down plugin 'INNODB_SYS_FOREIGN'
2022-05-11T19:22:00.687250Z 0 [Note] Shutting down plugin 'INNODB_SYS_FIELDS'
2022-05-11T19:22:00.687557Z 0 [Note] Shutting down plugin 'INNODB_SYS_COLUMNS'
2022-05-11T19:22:00.687975Z 0 [Note] Shutting down plugin 'INNODB_SYS_INDEXES'
2022-05-11T19:22:00.688379Z 0 [Note] Shutting down plugin 'INNODB_SYS_TABLESTATS'
2022-05-11T19:22:00.688724Z 0 [Note] Shutting down plugin 'INNODB_SYS_TABLES'
2022-05-11T19:22:00.689142Z 0 [Note] Shutting down plugin 'INNODB_FT_INDEX_TABLE'
2022-05-11T19:22:00.689637Z 0 [Note] Shutting down plugin 'INNODB_FT_INDEX_CACHE'
2022-05-11T19:22:00.690166Z 0 [Note] Shutting down plugin 'INNODB_FT_CONFIG'
2022-05-11T19:22:00.690558Z 0 [Note] Shutting down plugin 'INNODB_FT_BEING_DELETED'
2022-05-11T19:22:00.691039Z 0 [Note] Shutting down plugin 'INNODB_FT_DELETED'
2022-05-11T19:22:00.691352Z 0 [Note] Shutting down plugin 'INNODB_FT_DEFAULT_STOPWORD'
2022-05-11T19:22:00.691809Z 0 [Note] Shutting down plugin 'INNODB_METRICS'
2022-05-11T19:22:00.692198Z 0 [Note] Shutting down plugin 'INNODB_TEMP_TABLE_INFO'
2022-05-11T19:22:00.692603Z 0 [Note] Shutting down plugin 'INNODB_BUFFER_POOL_STATS'
2022-05-11T19:22:00.693044Z 0 [Note] Shutting down plugin 'INNODB_BUFFER_PAGE_LRU'
2022-05-11T19:22:00.693424Z 0 [Note] Shutting down plugin 'INNODB_BUFFER_PAGE'
2022-05-11T19:22:00.693806Z 0 [Note] Shutting down plugin 'INNODB_CMP_PER_INDEX_RESET'
2022-05-11T19:22:00.694338Z 0 [Note] Shutting down plugin 'INNODB_CMP_PER_INDEX'
2022-05-11T19:22:00.694800Z 0 [Note] Shutting down plugin 'INNODB_CMPMEM_RESET'
2022-05-11T19:22:00.695247Z 0 [Note] Shutting down plugin 'INNODB_CMPMEM'
2022-05-11T19:22:00.695631Z 0 [Note] Shutting down plugin 'INNODB_CMP_RESET'
2022-05-11T19:22:00.696111Z 0 [Note] Shutting down plugin 'INNODB_CMP'
2022-05-11T19:22:00.696566Z 0 [Note] Shutting down plugin 'INNODB_LOCK_WAITS'
2022-05-11T19:22:00.696889Z 0 [Note] Shutting down plugin 'INNODB_LOCKS'
2022-05-11T19:22:00.697355Z 0 [Note] Shutting down plugin 'INNODB_TRX'
2022-05-11T19:22:00.697762Z 0 [Note] Shutting down plugin 'InnoDB'
2022-05-11T19:22:00.698298Z 0 [Note] InnoDB: FTS optimize thread exiting.
2022-05-11T19:22:00.699372Z 0 [Note] InnoDB: Starting shutdown...
2022-05-11T19:22:00.800793Z 0 [Note] InnoDB: Dumping buffer pool(s) to /var/lib/mysql/ib_buffer_pool
2022-05-11T19:22:00.805050Z 0 [Note] InnoDB: Buffer pool(s) dump completed at 220512  4:22:00
2022-05-11T19:22:02.525819Z 0 [Note] InnoDB: Shutdown completed; log sequence number 12660528
2022-05-11T19:22:02.528162Z 0 [Note] InnoDB: Removed temporary tablespace data file: "ibtmp1"
2022-05-11T19:22:02.528676Z 0 [Note] Shutting down plugin 'MEMORY'
2022-05-11T19:22:02.529249Z 0 [Note] Shutting down plugin 'CSV'
2022-05-11T19:22:02.529653Z 0 [Note] Shutting down plugin 'sha256_password'
2022-05-11T19:22:02.530249Z 0 [Note] Shutting down plugin 'mysql_native_password'
2022-05-11T19:22:02.530832Z 0 [Note] Shutting down plugin 'binlog'
2022-05-11T19:22:02.534359Z 0 [Note] mysqld: Shutdown complete

2022-05-11T19:22:02.853880Z 0 [Warning] TIMESTAMP with implicit DEFAULT value is deprecated. Please use --explicit_defaults_for_timestamp server option (see documentation for more details).
2022-05-11T19:22:02.859029Z 0 [Note] mysqld (mysqld 5.7.37) starting as process 1 ...
2022-05-11T19:22:02.863317Z 0 [Warning] Setting lower_case_table_names=2 because file system for /var/lib/mysql/ is case insensitive
2022-05-11T19:22:02.866408Z 0 [Note] InnoDB: PUNCH HOLE support available
2022-05-11T19:22:02.866798Z 0 [Note] InnoDB: Mutexes and rw_locks use GCC atomic builtins
2022-05-11T19:22:02.867259Z 0 [Note] InnoDB: Uses event mutexes
2022-05-11T19:22:02.867630Z 0 [Note] InnoDB: GCC builtin __atomic_thread_fence() is used for memory barrier
2022-05-11T19:22:02.868002Z 0 [Note] InnoDB: Compressed tables use zlib 1.2.11
2022-05-11T19:22:02.868313Z 0 [Note] InnoDB: Using Linux native AIO
2022-05-11T19:22:02.868932Z 0 [Note] InnoDB: Number of pools: 1
2022-05-11T19:22:02.869382Z 0 [Note] InnoDB: Using CPU crc32 instructions
2022-05-11T19:22:02.870838Z 0 [Note] InnoDB: Initializing buffer pool, total size = 128M, instances = 1, chunk size = 128M
2022-05-11T19:22:02.879139Z 0 [Note] InnoDB: Completed initialization of buffer pool
2022-05-11T19:22:02.881826Z 0 [Note] InnoDB: If the mysqld execution user is authorized, page cleaner thread priority can be changed. See the man page of setpriority().
2022-05-11T19:22:02.916140Z 0 [Note] InnoDB: Highest supported file format is Barracuda.
2022-05-11T19:22:02.976563Z 0 [Note] InnoDB: Creating shared tablespace for temporary tables
2022-05-11T19:22:02.978946Z 0 [Note] InnoDB: Setting file './ibtmp1' size to 12 MB. Physically writing the file full; Please wait ...
2022-05-11T19:22:03.024100Z 0 [Note] InnoDB: File './ibtmp1' size is now 12 MB.
2022-05-11T19:22:03.031535Z 0 [Note] InnoDB: 96 redo rollback segment(s) found. 96 redo rollback segment(s) are active.
2022-05-11T19:22:03.032475Z 0 [Note] InnoDB: 32 non-redo rollback segment(s) are active.
2022-05-11T19:22:03.033872Z 0 [Note] InnoDB: 5.7.37 started; log sequence number 12660528
2022-05-11T19:22:03.034733Z 0 [Note] InnoDB: Loading buffer pool(s) from /var/lib/mysql/ib_buffer_pool
2022-05-11T19:22:03.034998Z 0 [Note] Plugin 'FEDERATED' is disabled.
2022-05-11T19:22:03.053300Z 0 [Note] Found ca.pem, server-cert.pem and server-key.pem in data directory. Trying to enable SSL support using them.
2022-05-11T19:22:03.053850Z 0 [Note] Skipping generation of SSL certificates as certificate files are present in data directory.
2022-05-11T19:22:03.054420Z 0 [Warning] A deprecated TLS version TLSv1 is enabled. Please use TLSv1.2 or higher.
2022-05-11T19:22:03.055173Z 0 [Warning] A deprecated TLS version TLSv1.1 is enabled. Please use TLSv1.2 or higher.
2022-05-11T19:22:03.060113Z 0 [Warning] CA certificate ca.pem is self signed.
2022-05-11T19:22:03.060720Z 0 [Note] Skipping generation of RSA key pair as key files are present in data directory.
2022-05-11T19:22:03.065993Z 0 [Note] Server hostname (bind-address): '*'; port: 3306
2022-05-11T19:22:03.066561Z 0 [Note] IPv6 is available.
2022-05-11T19:22:03.067816Z 0 [Note]   - '::' resolves to '::';
2022-05-11T19:22:03.068626Z 0 [Note] Server socket created on IP: '::'.
2022-05-11T19:22:03.072259Z 0 [Warning] Insecure configuration for --pid-file: Location '/var/run/mysqld' in the path is accessible to all OS users. Consider choosing a different directory.
2022-05-11T19:22:03.092341Z 0 [Note] InnoDB: Buffer pool(s) load completed at 220512  4:22:03
2022-05-11T19:22:03.242225Z 0 [Note] Event Scheduler: Loaded 0 events
2022-05-11T19:22:03.242964Z 0 [Note] mysqld: ready for connections.
Version: '5.7.37'  socket: '/var/run/mysqld/mysqld.sock'  port: 3306  MySQL Community Server (GPL)
2022-05-11T20:33:55.786261Z 0 [Note] InnoDB: page_cleaner: 1000ms intended loop took 1797993ms. The settings might not be optimal. (flushed=0 and evicted=0, during the time.)
